
debug [Tue Nov 14 2023 18:55:05 GMT+0530 (India Standard Time)]  Admin connecting ...
debug [Tue Nov 14 2023 18:55:05 GMT+0530 (India Standard Time)]  Admin Connection Success ...
debug [Tue Nov 14 2023 18:55:05 GMT+0530 (India Standard Time)]  Creating Topics ...

debug [Tue Nov 14 2023 18:57:30 GMT+0530 (India Standard Time)]  Admin connecting ...
debug [Tue Nov 14 2023 18:57:30 GMT+0530 (India Standard Time)]  Admin Connection Success ...
debug [Tue Nov 14 2023 18:57:30 GMT+0530 (India Standard Time)]  Creating Topics ...

debug [Tue Nov 14 2023 18:59:52 GMT+0530 (India Standard Time)]  Admin connecting ...
debug [Tue Nov 14 2023 18:59:52 GMT+0530 (India Standard Time)]  Admin Connection Success ...
debug [Tue Nov 14 2023 18:59:52 GMT+0530 (India Standard Time)]  Creating Topics ...

debug [Tue Nov 14 2023 19:03:40 GMT+0530 (India Standard Time)]  Connecting Producer
debug [Tue Nov 14 2023 19:03:40 GMT+0530 (India Standard Time)]  Producer Connected Successfully

debug [Tue Nov 14 2023 19:08:08 GMT+0530 (India Standard Time)]  Connecting Producer
debug [Tue Nov 14 2023 19:08:08 GMT+0530 (India Standard Time)]  Producer Connected Successfully


debug [Tue Nov 14 2023 19:09:55 GMT+0530 (India Standard Time)]  Admin connecting ...
debug [Tue Nov 14 2023 19:09:55 GMT+0530 (India Standard Time)]  Admin Connection Success ...
debug [Tue Nov 14 2023 19:09:55 GMT+0530 (India Standard Time)]  Creating Topics ...
debug [Tue Nov 14 2023 19:09:55 GMT+0530 (India Standard Time)]  Topics Created Success ...
debug [Tue Nov 14 2023 19:09:55 GMT+0530 (India Standard Time)]  Disconnecting Admin ...

debug [Tue Nov 14 2023 19:11:39 GMT+0530 (India Standard Time)]  Connecting Producer
debug [Tue Nov 14 2023 19:11:39 GMT+0530 (India Standard Time)]  Producer Connected Successfully

debug [Tue Nov 14 2023 19:14:23 GMT+0530 (India Standard Time)]  Connecting Producer
debug [Tue Nov 14 2023 19:14:23 GMT+0530 (India Standard Time)]  Producer Connected Successfully


debug [Tue Nov 14 2023 19:17:44 GMT+0530 (India Standard Time)]  Connecting Producer
debug [Tue Nov 14 2023 19:17:44 GMT+0530 (India Standard Time)]  Producer Connected Successfully






